21:35:23.003 [main] INFO  c.e.n.NewlookOneToOneApplication - Starting NewlookOneToOneApplication on DESKTOP-4JNEASV with PID 7192 (C:\workspace\intellij\newlook-one-to-one\target\classes started by Ritchie in C:\workspace\intellij\newlook-one-to-one)
21:35:23.008 [main] INFO  c.e.n.NewlookOneToOneApplication - No active profile set, falling back to default profiles: default
21:35:23.135 [main] INFO  o.s.b.c.e.AnnotationConfigEmbeddedWebApplicationContext - Refreshing org.springframework.boot.context.embedded.AnnotationConfigEmbeddedWebApplicationContext@23986957: startup date [Sat Feb 03 21:35:23 SGT 2018]; root of context hierarchy
21:35:23.435 [background-preinit] INFO  o.h.validator.internal.util.Version - HV000001: Hibernate Validator 5.3.6.Final
21:35:24.736 [main] INFO  o.s.c.s.PostProcessorRegistrationDelegate$BeanPostProcessorChecker - Bean 'org.springframework.transaction.annotation.ProxyTransactionManagementConfiguration' of type [org.springframework.transaction.annotation.ProxyTransactionManagementConfiguration$$EnhancerBySpringCGLIB$$5d5a3452] is not eligible for getting processed by all BeanPostProcessors (for example: not eligible for auto-proxying)
21:35:25.105 [main] INFO  o.s.b.c.e.t.TomcatEmbeddedServletContainer - Tomcat initialized with port(s): 8080 (http)
21:35:25.118 [main] INFO  o.a.catalina.core.StandardService - Starting service [Tomcat]
21:35:25.119 [main] INFO  o.a.catalina.core.StandardEngine - Starting Servlet Engine: Apache Tomcat/8.5.27
21:35:25.210 [localhost-startStop-1] INFO  o.a.c.c.C.[Tomcat].[localhost].[/] - Initializing Spring embedded WebApplicationContext
21:35:25.211 [localhost-startStop-1] INFO  o.s.web.context.ContextLoader - Root WebApplicationContext: initialization completed in 2081 ms
21:35:25.336 [localhost-startStop-1] INFO  o.s.b.w.s.ServletRegistrationBean - Mapping servlet: 'dispatcherServlet' to [/]
21:35:25.339 [localhost-startStop-1] INFO  o.s.b.w.s.FilterRegistrationBean - Mapping filter: 'characterEncodingFilter' to: [/*]
21:35:25.340 [localhost-startStop-1] INFO  o.s.b.w.s.FilterRegistrationBean - Mapping filter: 'hiddenHttpMethodFilter' to: [/*]
21:35:25.340 [localhost-startStop-1] INFO  o.s.b.w.s.FilterRegistrationBean - Mapping filter: 'httpPutFormContentFilter' to: [/*]
21:35:25.340 [localhost-startStop-1] INFO  o.s.b.w.s.FilterRegistrationBean - Mapping filter: 'requestContextFilter' to: [/*]
21:35:25.627 [main] INFO  o.s.o.j.LocalContainerEntityManagerFactoryBean - Building JPA container EntityManagerFactory for persistence unit 'default'
21:35:25.638 [main] INFO  o.h.jpa.internal.util.LogHelper - HHH000204: Processing PersistenceUnitInfo [
	name: default
	...]
21:35:25.694 [main] INFO  org.hibernate.Version - HHH000412: Hibernate Core {5.0.12.Final}
21:35:25.696 [main] INFO  org.hibernate.cfg.Environment - HHH000206: hibernate.properties not found
21:35:25.697 [main] INFO  org.hibernate.cfg.Environment - HHH000021: Bytecode provider name : javassist
21:35:25.732 [main] INFO  o.h.annotations.common.Version - HCANN000001: Hibernate Commons Annotations {5.0.1.Final}
21:35:25.772 [main] DEBUG org.hibernate.type.BasicTypeRegistry - Adding type registration boolean -> org.hibernate.type.BooleanType@1b15f922
21:35:25.772 [main] DEBUG org.hibernate.type.BasicTypeRegistry - Adding type registration boolean -> org.hibernate.type.BooleanType@1b15f922
21:35:25.772 [main] DEBUG org.hibernate.type.BasicTypeRegistry - Adding type registration java.lang.Boolean -> org.hibernate.type.BooleanType@1b15f922
21:35:25.773 [main] DEBUG org.hibernate.type.BasicTypeRegistry - Adding type registration numeric_boolean -> org.hibernate.type.NumericBooleanType@4ad3d266
21:35:25.774 [main] DEBUG org.hibernate.type.BasicTypeRegistry - Adding type registration true_false -> org.hibernate.type.TrueFalseType@506dcf55
21:35:25.774 [main] DEBUG org.hibernate.type.BasicTypeRegistry - Adding type registration yes_no -> org.hibernate.type.YesNoType@7c6189d5
21:35:25.775 [main] DEBUG org.hibernate.type.BasicTypeRegistry - Adding type registration byte -> org.hibernate.type.ByteType@7a93b263
21:35:25.775 [main] DEBUG org.hibernate.type.BasicTypeRegistry - Adding type registration byte -> org.hibernate.type.ByteType@7a93b263
21:35:25.775 [main] DEBUG org.hibernate.type.BasicTypeRegistry - Adding type registration java.lang.Byte -> org.hibernate.type.ByteType@7a93b263
21:35:25.776 [main] DEBUG org.hibernate.type.BasicTypeRegistry - Adding type registration character -> org.hibernate.type.CharacterType@14dc3f89
21:35:25.776 [main] DEBUG org.hibernate.type.BasicTypeRegistry - Adding type registration char -> org.hibernate.type.CharacterType@14dc3f89
21:35:25.776 [main] DEBUG org.hibernate.type.BasicTypeRegistry - Adding type registration java.lang.Character -> org.hibernate.type.CharacterType@14dc3f89
21:35:25.777 [main] DEBUG org.hibernate.type.BasicTypeRegistry - Adding type registration short -> org.hibernate.type.ShortType@2875b016
21:35:25.778 [main] DEBUG org.hibernate.type.BasicTypeRegistry - Adding type registration short -> org.hibernate.type.ShortType@2875b016
21:35:25.778 [main] DEBUG org.hibernate.type.BasicTypeRegistry - Adding type registration java.lang.Short -> org.hibernate.type.ShortType@2875b016
21:35:25.779 [main] DEBUG org.hibernate.type.BasicTypeRegistry - Adding type registration integer -> org.hibernate.type.IntegerType@64b7225f
21:35:25.779 [main] DEBUG org.hibernate.type.BasicTypeRegistry - Adding type registration int -> org.hibernate.type.IntegerType@64b7225f
21:35:25.779 [main] DEBUG org.hibernate.type.BasicTypeRegistry - Adding type registration java.lang.Integer -> org.hibernate.type.IntegerType@64b7225f
21:35:25.781 [main] DEBUG org.hibernate.type.BasicTypeRegistry - Adding type registration long -> org.hibernate.type.LongType@5d01ea21
21:35:25.781 [main] DEBUG org.hibernate.type.BasicTypeRegistry - Adding type registration long -> org.hibernate.type.LongType@5d01ea21
21:35:25.781 [main] DEBUG org.hibernate.type.BasicTypeRegistry - Adding type registration java.lang.Long -> org.hibernate.type.LongType@5d01ea21
21:35:25.782 [main] DEBUG org.hibernate.type.BasicTypeRegistry - Adding type registration float -> org.hibernate.type.FloatType@6da9dc6
21:35:25.782 [main] DEBUG org.hibernate.type.BasicTypeRegistry - Adding type registration float -> org.hibernate.type.FloatType@6da9dc6
21:35:25.782 [main] DEBUG org.hibernate.type.BasicTypeRegistry - Adding type registration java.lang.Float -> org.hibernate.type.FloatType@6da9dc6
21:35:25.783 [main] DEBUG org.hibernate.type.BasicTypeRegistry - Adding type registration double -> org.hibernate.type.DoubleType@66153688
21:35:25.784 [main] DEBUG org.hibernate.type.BasicTypeRegistry - Adding type registration double -> org.hibernate.type.DoubleType@66153688
21:35:25.784 [main] DEBUG org.hibernate.type.BasicTypeRegistry - Adding type registration java.lang.Double -> org.hibernate.type.DoubleType@66153688
21:35:25.785 [main] DEBUG org.hibernate.type.BasicTypeRegistry - Adding type registration big_decimal -> org.hibernate.type.BigDecimalType@2b98b3bb
21:35:25.785 [main] DEBUG org.hibernate.type.BasicTypeRegistry - Adding type registration java.math.BigDecimal -> org.hibernate.type.BigDecimalType@2b98b3bb
21:35:25.786 [main] DEBUG org.hibernate.type.BasicTypeRegistry - Adding type registration big_integer -> org.hibernate.type.BigIntegerType@3730ab42
21:35:25.786 [main] DEBUG org.hibernate.type.BasicTypeRegistry - Adding type registration java.math.BigInteger -> org.hibernate.type.BigIntegerType@3730ab42
21:35:25.786 [main] DEBUG org.hibernate.type.BasicTypeRegistry - Adding type registration string -> org.hibernate.type.StringType@63716833
21:35:25.786 [main] DEBUG org.hibernate.type.BasicTypeRegistry - Adding type registration java.lang.String -> org.hibernate.type.StringType@63716833
21:35:25.787 [main] DEBUG org.hibernate.type.BasicTypeRegistry - Adding type registration nstring -> org.hibernate.type.StringNVarcharType@87b5b49
21:35:25.788 [main] DEBUG org.hibernate.type.BasicTypeRegistry - Adding type registration ncharacter -> org.hibernate.type.CharacterNCharType@288cdaab
21:35:25.788 [main] DEBUG org.hibernate.type.BasicTypeRegistry - Adding type registration url -> org.hibernate.type.UrlType@1cb7936c
21:35:25.789 [main] DEBUG org.hibernate.type.BasicTypeRegistry - Adding type registration java.net.URL -> org.hibernate.type.UrlType@1cb7936c
21:35:25.790 [main] DEBUG org.hibernate.type.BasicTypeRegistry - Adding type registration date -> org.hibernate.type.DateType@3c4262d1
21:35:25.790 [main] DEBUG org.hibernate.type.BasicTypeRegistry - Adding type registration java.sql.Date -> org.hibernate.type.DateType@3c4262d1
21:35:25.791 [main] DEBUG org.hibernate.type.BasicTypeRegistry - Adding type registration time -> org.hibernate.type.TimeType@70331432
21:35:25.792 [main] DEBUG org.hibernate.type.BasicTypeRegistry - Adding type registration java.sql.Time -> org.hibernate.type.TimeType@70331432
21:35:25.793 [main] DEBUG org.hibernate.type.BasicTypeRegistry - Adding type registration timestamp -> org.hibernate.type.TimestampType@5432c277
21:35:25.793 [main] DEBUG org.hibernate.type.BasicTypeRegistry - Adding type registration java.sql.Timestamp -> org.hibernate.type.TimestampType@5432c277
21:35:25.794 [main] DEBUG org.hibernate.type.BasicTypeRegistry - Adding type registration java.util.Date -> org.hibernate.type.TimestampType@5432c277
21:35:25.795 [main] DEBUG org.hibernate.type.BasicTypeRegistry - Adding type registration dbtimestamp -> org.hibernate.type.DbTimestampType@6bf13698
21:35:25.796 [main] DEBUG org.hibernate.type.BasicTypeRegistry - Adding type registration calendar -> org.hibernate.type.CalendarType@32f0c7f8
21:35:25.796 [main] DEBUG org.hibernate.type.BasicTypeRegistry - Adding type registration java.util.Calendar -> org.hibernate.type.CalendarType@32f0c7f8
21:35:25.796 [main] DEBUG org.hibernate.type.BasicTypeRegistry - Adding type registration java.util.GregorianCalendar -> org.hibernate.type.CalendarType@32f0c7f8
21:35:25.796 [main] DEBUG org.hibernate.type.BasicTypeRegistry - Adding type registration calendar_date -> org.hibernate.type.CalendarDateType@49a26d19
21:35:25.797 [main] DEBUG org.hibernate.type.BasicTypeRegistry - Adding type registration locale -> org.hibernate.type.LocaleType@42210be1
21:35:25.797 [main] DEBUG org.hibernate.type.BasicTypeRegistry - Adding type registration java.util.Locale -> org.hibernate.type.LocaleType@42210be1
21:35:25.798 [main] DEBUG org.hibernate.type.BasicTypeRegistry - Adding type registration currency -> org.hibernate.type.CurrencyType@58a2b4c
21:35:25.798 [main] DEBUG org.hibernate.type.BasicTypeRegistry - Adding type registration java.util.Currency -> org.hibernate.type.CurrencyType@58a2b4c
21:35:25.799 [main] DEBUG org.hibernate.type.BasicTypeRegistry - Adding type registration timezone -> org.hibernate.type.TimeZoneType@7063686f
21:35:25.799 [main] DEBUG org.hibernate.type.BasicTypeRegistry - Adding type registration java.util.TimeZone -> org.hibernate.type.TimeZoneType@7063686f
21:35:25.799 [main] DEBUG org.hibernate.type.BasicTypeRegistry - Adding type registration class -> org.hibernate.type.ClassType@1046498a
21:35:25.799 [main] DEBUG org.hibernate.type.BasicTypeRegistry - Adding type registration java.lang.Class -> org.hibernate.type.ClassType@1046498a
21:35:25.800 [main] DEBUG org.hibernate.type.BasicTypeRegistry - Adding type registration uuid-binary -> org.hibernate.type.UUIDBinaryType@53dad875
21:35:25.801 [main] DEBUG org.hibernate.type.BasicTypeRegistry - Adding type registration java.util.UUID -> org.hibernate.type.UUIDBinaryType@53dad875
21:35:25.801 [main] DEBUG org.hibernate.type.BasicTypeRegistry - Adding type registration uuid-char -> org.hibernate.type.UUIDCharType@2eaef76d
21:35:25.802 [main] DEBUG org.hibernate.type.BasicTypeRegistry - Adding type registration binary -> org.hibernate.type.BinaryType@56681eaf
21:35:25.803 [main] DEBUG org.hibernate.type.BasicTypeRegistry - Adding type registration byte[] -> org.hibernate.type.BinaryType@56681eaf
21:35:25.803 [main] DEBUG org.hibernate.type.BasicTypeRegistry - Adding type registration [B -> org.hibernate.type.BinaryType@56681eaf
21:35:25.804 [main] DEBUG org.hibernate.type.BasicTypeRegistry - Adding type registration wrapper-binary -> org.hibernate.type.WrapperBinaryType@7e1f584d
21:35:25.804 [main] DEBUG org.hibernate.type.BasicTypeRegistry - Adding type registration Byte[] -> org.hibernate.type.WrapperBinaryType@7e1f584d
21:35:25.804 [main] DEBUG org.hibernate.type.BasicTypeRegistry - Adding type registration [Ljava.lang.Byte; -> org.hibernate.type.WrapperBinaryType@7e1f584d
21:35:25.805 [main] DEBUG org.hibernate.type.BasicTypeRegistry - Adding type registration row_version -> org.hibernate.type.RowVersionType@36361ddb
21:35:25.805 [main] DEBUG org.hibernate.type.BasicTypeRegistry - Adding type registration image -> org.hibernate.type.ImageType@3bae64d0
21:35:25.806 [main] DEBUG org.hibernate.type.BasicTypeRegistry - Adding type registration characters -> org.hibernate.type.CharArrayType@76c387f9
21:35:25.806 [main] DEBUG org.hibernate.type.BasicTypeRegistry - Adding type registration char[] -> org.hibernate.type.CharArrayType@76c387f9
21:35:25.806 [main] DEBUG org.hibernate.type.BasicTypeRegistry - Adding type registration [C -> org.hibernate.type.CharArrayType@76c387f9
21:35:25.807 [main] DEBUG org.hibernate.type.BasicTypeRegistry - Adding type registration wrapper-characters -> org.hibernate.type.CharacterArrayType@45f421c
21:35:25.807 [main] DEBUG org.hibernate.type.BasicTypeRegistry - Adding type registration [Ljava.lang.Character; -> org.hibernate.type.CharacterArrayType@45f421c
21:35:25.807 [main] DEBUG org.hibernate.type.BasicTypeRegistry - Adding type registration Character[] -> org.hibernate.type.CharacterArrayType@45f421c
21:35:25.807 [main] DEBUG org.hibernate.type.BasicTypeRegistry - Adding type registration text -> org.hibernate.type.TextType@162b3d47
21:35:25.808 [main] DEBUG org.hibernate.type.BasicTypeRegistry - Adding type registration ntext -> org.hibernate.type.NTextType@363a3d15
21:35:25.810 [main] DEBUG org.hibernate.type.BasicTypeRegistry - Adding type registration blob -> org.hibernate.type.BlobType@373f7450
21:35:25.810 [main] DEBUG org.hibernate.type.BasicTypeRegistry - Adding type registration java.sql.Blob -> org.hibernate.type.BlobType@373f7450
21:35:25.811 [main] DEBUG org.hibernate.type.BasicTypeRegistry - Adding type registration materialized_blob -> org.hibernate.type.MaterializedBlobType@387bf2d9
21:35:25.813 [main] DEBUG org.hibernate.type.BasicTypeRegistry - Adding type registration clob -> org.hibernate.type.ClobType@4aaae508
21:35:25.813 [main] DEBUG org.hibernate.type.BasicTypeRegistry - Adding type registration java.sql.Clob -> org.hibernate.type.ClobType@4aaae508
21:35:25.815 [main] DEBUG org.hibernate.type.BasicTypeRegistry - Adding type registration nclob -> org.hibernate.type.NClobType@56078cea
21:35:25.815 [main] DEBUG org.hibernate.type.BasicTypeRegistry - Adding type registration java.sql.NClob -> org.hibernate.type.NClobType@56078cea
21:35:25.816 [main] DEBUG org.hibernate.type.BasicTypeRegistry - Adding type registration materialized_clob -> org.hibernate.type.MaterializedClobType@1aac188d
21:35:25.816 [main] DEBUG org.hibernate.type.BasicTypeRegistry - Adding type registration materialized_nclob -> org.hibernate.type.MaterializedNClobType@7cb8437d
21:35:25.817 [main] DEBUG org.hibernate.type.BasicTypeRegistry - Adding type registration serializable -> org.hibernate.type.SerializableType@1ac45389
21:35:25.819 [main] DEBUG org.hibernate.type.BasicTypeRegistry - Adding type registration object -> org.hibernate.type.ObjectType@4c48fe92
21:35:25.819 [main] DEBUG org.hibernate.type.BasicTypeRegistry - Adding type registration java.lang.Object -> org.hibernate.type.ObjectType@4c48fe92
21:35:25.820 [main] DEBUG org.hibernate.type.BasicTypeRegistry - Adding type registration imm_date -> org.hibernate.type.AdaptedImmutableType@3d6a6bee
21:35:25.820 [main] DEBUG org.hibernate.type.BasicTypeRegistry - Adding type registration imm_time -> org.hibernate.type.AdaptedImmutableType@36ddaebf
21:35:25.820 [main] DEBUG org.hibernate.type.BasicTypeRegistry - Adding type registration imm_timestamp -> org.hibernate.type.AdaptedImmutableType@213c3543
21:35:25.820 [main] DEBUG org.hibernate.type.BasicTypeRegistry - Adding type registration imm_dbtimestamp -> org.hibernate.type.AdaptedImmutableType@9d7ccfe
21:35:25.820 [main] DEBUG org.hibernate.type.BasicTypeRegistry - Adding type registration imm_calendar -> org.hibernate.type.AdaptedImmutableType@670ce331
21:35:25.820 [main] DEBUG org.hibernate.type.BasicTypeRegistry - Adding type registration imm_calendar_date -> org.hibernate.type.AdaptedImmutableType@3cff0139
21:35:25.820 [main] DEBUG org.hibernate.type.BasicTypeRegistry - Adding type registration imm_binary -> org.hibernate.type.AdaptedImmutableType@7c29adc8
21:35:25.820 [main] DEBUG org.hibernate.type.BasicTypeRegistry - Adding type registration imm_serializable -> org.hibernate.type.AdaptedImmutableType@4b2e3e8f
21:35:26.058 [main] INFO  org.hibernate.dialect.Dialect - HHH000400: Using dialect: org.hibernate.dialect.MySQL5Dialect
21:35:26.237 [main] TRACE org.hibernate.type.TypeFactory - Scoping types to session factory org.hibernate.internal.SessionFactoryImpl@2a369e14
21:35:26.488 [main] INFO  o.h.tool.hbm2ddl.SchemaExport - HHH000227: Running hbm2ddl schema export
21:35:26.491 [main] DEBUG org.hibernate.SQL - drop table if exists coupon
21:35:26.645 [main] DEBUG org.hibernate.SQL - drop table if exists user_coupon
21:35:26.900 [main] DEBUG org.hibernate.SQL - create table coupon (id bigint not null auto_increment, name varchar(255) not null, primary key (id))
21:35:27.287 [main] DEBUG org.hibernate.SQL - create table user_coupon (id bigint not null auto_increment, coupon_name varchar(255) not null, enabled bit not null, user_id integer not null, primary key (id))
21:35:27.598 [main] INFO  o.h.tool.hbm2ddl.SchemaExport - HHH000230: Schema export complete
21:35:27.639 [main] INFO  o.s.o.j.LocalContainerEntityManagerFactoryBean - Initialized JPA EntityManagerFactory for persistence unit 'default'
21:35:28.130 [main] INFO  o.s.w.s.m.m.a.RequestMappingHandlerAdapter - Looking for @ControllerAdvice: org.springframework.boot.context.embedded.AnnotationConfigEmbeddedWebApplicationContext@23986957: startup date [Sat Feb 03 21:35:23 SGT 2018]; root of context hierarchy
21:35:28.200 [main] INFO  o.s.w.s.m.m.a.RequestMappingHandlerMapping - Mapped "{[/coupon/update],methods=[PUT]}" onto public java.lang.String com.example.newlookonetoone.coupon.CouponController.update(com.example.newlookonetoone.coupon.Coupon)
21:35:28.201 [main] INFO  o.s.w.s.m.m.a.RequestMappingHandlerMapping - Mapped "{[/coupon/find],methods=[GET]}" onto public com.example.newlookonetoone.coupon.Coupon com.example.newlookonetoone.coupon.CouponController.find(java.lang.Long)
21:35:28.201 [main] INFO  o.s.w.s.m.m.a.RequestMappingHandlerMapping - Mapped "{[/coupon/findAll],methods=[GET]}" onto public java.lang.String com.example.newlookonetoone.coupon.CouponController.find()
21:35:28.202 [main] INFO  o.s.w.s.m.m.a.RequestMappingHandlerMapping - Mapped "{[/coupon/add],methods=[POST]}" onto public java.lang.String com.example.newlookonetoone.coupon.CouponController.save(com.example.newlookonetoone.coupon.Coupon)
21:35:28.202 [main] INFO  o.s.w.s.m.m.a.RequestMappingHandlerMapping - Mapped "{[/coupon/delete],methods=[DELETE]}" onto public void com.example.newlookonetoone.coupon.CouponController.deleteById(java.lang.Long)
21:35:28.203 [main] INFO  o.s.w.s.m.m.a.RequestMappingHandlerMapping - Mapped "{[/coupon/deleteAll],methods=[DELETE]}" onto public void com.example.newlookonetoone.coupon.CouponController.deleteAll()
21:35:28.204 [main] INFO  o.s.w.s.m.m.a.RequestMappingHandlerMapping - Mapped "{[/usercoupon/draw],methods=[POST]}" onto public com.example.newlookonetoone.userCoupon.UserCoupon com.example.newlookonetoone.userCoupon.UserCouponController.drawALottery(java.lang.Integer)
21:35:28.204 [main] INFO  o.s.w.s.m.m.a.RequestMappingHandlerMapping - Mapped "{[/usercoupon/use],methods=[PUT]}" onto public com.example.newlookonetoone.userCoupon.UserCoupon com.example.newlookonetoone.userCoupon.UserCouponController.useCoupon(java.lang.Integer)
21:35:28.206 [main] INFO  o.s.w.s.m.m.a.RequestMappingHandlerMapping - Mapped "{[/error]}" onto public org.springframework.http.ResponseEntity<java.util.Map<java.lang.String, java.lang.Object>> org.springframework.boot.autoconfigure.web.BasicErrorController.error(javax.servlet.http.HttpServletRequest)
21:35:28.206 [main] INFO  o.s.w.s.m.m.a.RequestMappingHandlerMapping - Mapped "{[/error],produces=[text/html]}" onto public org.springframework.web.servlet.ModelAndView org.springframework.boot.autoconfigure.web.BasicErrorController.errorHtml(javax.servlet.http.HttpServletRequest,javax.servlet.http.HttpServletResponse)
21:35:28.237 [main] INFO  o.s.w.s.h.SimpleUrlHandlerMapping - Mapped URL path [/webjars/**] onto handler of type [class org.springframework.web.servlet.resource.ResourceHttpRequestHandler]
21:35:28.237 [main] INFO  o.s.w.s.h.SimpleUrlHandlerMapping - Mapped URL path [/**] onto handler of type [class org.springframework.web.servlet.resource.ResourceHttpRequestHandler]
21:35:28.276 [main] INFO  o.s.w.s.h.SimpleUrlHandlerMapping - Mapped URL path [/**/favicon.ico] onto handler of type [class org.springframework.web.servlet.resource.ResourceHttpRequestHandler]
21:35:28.505 [main] INFO  o.s.j.e.a.AnnotationMBeanExporter - Registering beans for JMX exposure on startup
21:35:28.524 [main] INFO  o.a.coyote.http11.Http11NioProtocol - Initializing ProtocolHandler ["http-nio-8080"]
21:35:28.534 [main] INFO  o.a.coyote.http11.Http11NioProtocol - Starting ProtocolHandler ["http-nio-8080"]
21:35:28.545 [main] INFO  o.a.tomcat.util.net.NioSelectorPool - Using a shared selector for servlet write/read
21:35:28.561 [main] INFO  o.s.b.c.e.t.TomcatEmbeddedServletContainer - Tomcat started on port(s): 8080 (http)
21:35:28.565 [main] INFO  c.e.n.NewlookOneToOneApplication - Started NewlookOneToOneApplication in 6.075 seconds (JVM running for 7.28)
21:35:59.708 [main] INFO  c.e.n.NewlookOneToOneApplication - Starting NewlookOneToOneApplication on DESKTOP-4JNEASV with PID 13124 (C:\workspace\intellij\newlook-one-to-one\target\classes started by Ritchie in C:\workspace\intellij\newlook-one-to-one)
21:35:59.710 [main] INFO  c.e.n.NewlookOneToOneApplication - No active profile set, falling back to default profiles: default
21:35:59.777 [main] INFO  o.s.b.c.e.AnnotationConfigEmbeddedWebApplicationContext - Refreshing org.springframework.boot.context.embedded.AnnotationConfigEmbeddedWebApplicationContext@23986957: startup date [Sat Feb 03 21:35:59 SGT 2018]; root of context hierarchy
21:35:59.951 [background-preinit] INFO  o.h.validator.internal.util.Version - HV000001: Hibernate Validator 5.3.6.Final
21:36:01.129 [main] INFO  o.s.c.s.PostProcessorRegistrationDelegate$BeanPostProcessorChecker - Bean 'org.springframework.transaction.annotation.ProxyTransactionManagementConfiguration' of type [org.springframework.transaction.annotation.ProxyTransactionManagementConfiguration$$EnhancerBySpringCGLIB$$9b80b483] is not eligible for getting processed by all BeanPostProcessors (for example: not eligible for auto-proxying)
21:36:01.493 [main] INFO  o.s.b.c.e.t.TomcatEmbeddedServletContainer - Tomcat initialized with port(s): 8080 (http)
21:36:01.503 [main] INFO  o.a.catalina.core.StandardService - Starting service [Tomcat]
21:36:01.503 [main] INFO  o.a.catalina.core.StandardEngine - Starting Servlet Engine: Apache Tomcat/8.5.27
21:36:01.610 [localhost-startStop-1] INFO  o.a.c.c.C.[Tomcat].[localhost].[/] - Initializing Spring embedded WebApplicationContext
21:36:01.610 [localhost-startStop-1] INFO  o.s.web.context.ContextLoader - Root WebApplicationContext: initialization completed in 1837 ms
21:36:01.739 [localhost-startStop-1] INFO  o.s.b.w.s.ServletRegistrationBean - Mapping servlet: 'dispatcherServlet' to [/]
21:36:01.742 [localhost-startStop-1] INFO  o.s.b.w.s.FilterRegistrationBean - Mapping filter: 'characterEncodingFilter' to: [/*]
21:36:01.743 [localhost-startStop-1] INFO  o.s.b.w.s.FilterRegistrationBean - Mapping filter: 'hiddenHttpMethodFilter' to: [/*]
21:36:01.743 [localhost-startStop-1] INFO  o.s.b.w.s.FilterRegistrationBean - Mapping filter: 'httpPutFormContentFilter' to: [/*]
21:36:01.743 [localhost-startStop-1] INFO  o.s.b.w.s.FilterRegistrationBean - Mapping filter: 'requestContextFilter' to: [/*]
21:36:02.044 [main] INFO  o.s.o.j.LocalContainerEntityManagerFactoryBean - Building JPA container EntityManagerFactory for persistence unit 'default'
21:36:02.055 [main] INFO  o.h.jpa.internal.util.LogHelper - HHH000204: Processing PersistenceUnitInfo [
	name: default
	...]
21:36:02.113 [main] INFO  org.hibernate.Version - HHH000412: Hibernate Core {5.0.12.Final}
21:36:02.115 [main] INFO  org.hibernate.cfg.Environment - HHH000206: hibernate.properties not found
21:36:02.116 [main] INFO  org.hibernate.cfg.Environment - HHH000021: Bytecode provider name : javassist
21:36:02.153 [main] INFO  o.h.annotations.common.Version - HCANN000001: Hibernate Commons Annotations {5.0.1.Final}
21:36:02.194 [main] DEBUG org.hibernate.type.BasicTypeRegistry - Adding type registration boolean -> org.hibernate.type.BooleanType@37ce3644
21:36:02.195 [main] DEBUG org.hibernate.type.BasicTypeRegistry - Adding type registration boolean -> org.hibernate.type.BooleanType@37ce3644
21:36:02.195 [main] DEBUG org.hibernate.type.BasicTypeRegistry - Adding type registration java.lang.Boolean -> org.hibernate.type.BooleanType@37ce3644
21:36:02.196 [main] DEBUG org.hibernate.type.BasicTypeRegistry - Adding type registration numeric_boolean -> org.hibernate.type.NumericBooleanType@3533df16
21:36:02.196 [main] DEBUG org.hibernate.type.BasicTypeRegistry - Adding type registration true_false -> org.hibernate.type.TrueFalseType@270b6b5e
21:36:02.197 [main] DEBUG org.hibernate.type.BasicTypeRegistry - Adding type registration yes_no -> org.hibernate.type.YesNoType@4248e66b
21:36:02.198 [main] DEBUG org.hibernate.type.BasicTypeRegistry - Adding type registration byte -> org.hibernate.type.ByteType@35178483
21:36:02.198 [main] DEBUG org.hibernate.type.BasicTypeRegistry - Adding type registration byte -> org.hibernate.type.ByteType@35178483
21:36:02.198 [main] DEBUG org.hibernate.type.BasicTypeRegistry - Adding type registration java.lang.Byte -> org.hibernate.type.ByteType@35178483
21:36:02.199 [main] DEBUG org.hibernate.type.BasicTypeRegistry - Adding type registration character -> org.hibernate.type.CharacterType@1706a5c9
21:36:02.199 [main] DEBUG org.hibernate.type.BasicTypeRegistry - Adding type registration char -> org.hibernate.type.CharacterType@1706a5c9
21:36:02.199 [main] DEBUG org.hibernate.type.BasicTypeRegistry - Adding type registration java.lang.Character -> org.hibernate.type.CharacterType@1706a5c9
21:36:02.200 [main] DEBUG org.hibernate.type.BasicTypeRegistry - Adding type registration short -> org.hibernate.type.ShortType@72ee5d84
21:36:02.201 [main] DEBUG org.hibernate.type.BasicTypeRegistry - Adding type registration short -> org.hibernate.type.ShortType@72ee5d84
21:36:02.201 [main] DEBUG org.hibernate.type.BasicTypeRegistry - Adding type registration java.lang.Short -> org.hibernate.type.ShortType@72ee5d84
21:36:02.201 [main] DEBUG org.hibernate.type.BasicTypeRegistry - Adding type registration integer -> org.hibernate.type.IntegerType@33db72bd
21:36:02.202 [main] DEBUG org.hibernate.type.BasicTypeRegistry - Adding type registration int -> org.hibernate.type.IntegerType@33db72bd
21:36:02.202 [main] DEBUG org.hibernate.type.BasicTypeRegistry - Adding type registration java.lang.Integer -> org.hibernate.type.IntegerType@33db72bd
21:36:02.204 [main] DEBUG org.hibernate.type.BasicTypeRegistry - Adding type registration long -> org.hibernate.type.LongType@70211e49
21:36:02.204 [main] DEBUG org.hibernate.type.BasicTypeRegistry - Adding type registration long -> org.hibernate.type.LongType@70211e49
21:36:02.204 [main] DEBUG org.hibernate.type.BasicTypeRegistry - Adding type registration java.lang.Long -> org.hibernate.type.LongType@70211e49
21:36:02.205 [main] DEBUG org.hibernate.type.BasicTypeRegistry - Adding type registration float -> org.hibernate.type.FloatType@7fd69dd
21:36:02.205 [main] DEBUG org.hibernate.type.BasicTypeRegistry - Adding type registration float -> org.hibernate.type.FloatType@7fd69dd
21:36:02.205 [main] DEBUG org.hibernate.type.BasicTypeRegistry - Adding type registration java.lang.Float -> org.hibernate.type.FloatType@7fd69dd
21:36:02.206 [main] DEBUG org.hibernate.type.BasicTypeRegistry - Adding type registration double -> org.hibernate.type.DoubleType@455824ad
21:36:02.207 [main] DEBUG org.hibernate.type.BasicTypeRegistry - Adding type registration double -> org.hibernate.type.DoubleType@455824ad
21:36:02.207 [main] DEBUG org.hibernate.type.BasicTypeRegistry - Adding type registration java.lang.Double -> org.hibernate.type.DoubleType@455824ad
21:36:02.208 [main] DEBUG org.hibernate.type.BasicTypeRegistry - Adding type registration big_decimal -> org.hibernate.type.BigDecimalType@540b0448
21:36:02.208 [main] DEBUG org.hibernate.type.BasicTypeRegistry - Adding type registration java.math.BigDecimal -> org.hibernate.type.BigDecimalType@540b0448
21:36:02.209 [main] DEBUG org.hibernate.type.BasicTypeRegistry - Adding type registration big_integer -> org.hibernate.type.BigIntegerType@537c8c7e
21:36:02.209 [main] DEBUG org.hibernate.type.BasicTypeRegistry - Adding type registration java.math.BigInteger -> org.hibernate.type.BigIntegerType@537c8c7e
21:36:02.209 [main] DEBUG org.hibernate.type.BasicTypeRegistry - Adding type registration string -> org.hibernate.type.StringType@573284a5
21:36:02.209 [main] DEBUG org.hibernate.type.BasicTypeRegistry - Adding type registration java.lang.String -> org.hibernate.type.StringType@573284a5
21:36:02.210 [main] DEBUG org.hibernate.type.BasicTypeRegistry - Adding type registration nstring -> org.hibernate.type.StringNVarcharType@4a7a965d
21:36:02.211 [main] DEBUG org.hibernate.type.BasicTypeRegistry - Adding type registration ncharacter -> org.hibernate.type.CharacterNCharType@23b3aa8c
21:36:02.211 [main] DEBUG org.hibernate.type.BasicTypeRegistry - Adding type registration url -> org.hibernate.type.UrlType@35342d2f
21:36:02.211 [main] DEBUG org.hibernate.type.BasicTypeRegistry - Adding type registration java.net.URL -> org.hibernate.type.UrlType@35342d2f
21:36:02.213 [main] DEBUG org.hibernate.type.BasicTypeRegistry - Adding type registration date -> org.hibernate.type.DateType@100c567f
21:36:02.213 [main] DEBUG org.hibernate.type.BasicTypeRegistry - Adding type registration java.sql.Date -> org.hibernate.type.DateType@100c567f
21:36:02.214 [main] DEBUG org.hibernate.type.BasicTypeRegistry - Adding type registration time -> org.hibernate.type.TimeType@3bbf9027
21:36:02.214 [main] DEBUG org.hibernate.type.BasicTypeRegistry - Adding type registration java.sql.Time -> org.hibernate.type.TimeType@3bbf9027
21:36:02.215 [main] DEBUG org.hibernate.type.BasicTypeRegistry - Adding type registration timestamp -> org.hibernate.type.TimestampType@15e0fe05
21:36:02.216 [main] DEBUG org.hibernate.type.BasicTypeRegistry - Adding type registration java.sql.Timestamp -> org.hibernate.type.TimestampType@15e0fe05
21:36:02.216 [main] DEBUG org.hibernate.type.BasicTypeRegistry - Adding type registration java.util.Date -> org.hibernate.type.TimestampType@15e0fe05
21:36:02.217 [main] DEBUG org.hibernate.type.BasicTypeRegistry - Adding type registration dbtimestamp -> org.hibernate.type.DbTimestampType@299270eb
21:36:02.218 [main] DEBUG org.hibernate.type.BasicTypeRegistry - Adding type registration calendar -> org.hibernate.type.CalendarType@504e1599
21:36:02.218 [main] DEBUG org.hibernate.type.BasicTypeRegistry - Adding type registration java.util.Calendar -> org.hibernate.type.CalendarType@504e1599
21:36:02.218 [main] DEBUG org.hibernate.type.BasicTypeRegistry - Adding type registration java.util.GregorianCalendar -> org.hibernate.type.CalendarType@504e1599
21:36:02.218 [main] DEBUG org.hibernate.type.BasicTypeRegistry - Adding type registration calendar_date -> org.hibernate.type.CalendarDateType@730e5763
21:36:02.219 [main] DEBUG org.hibernate.type.BasicTypeRegistry - Adding type registration locale -> org.hibernate.type.LocaleType@1eb2d371
21:36:02.219 [main] DEBUG org.hibernate.type.BasicTypeRegistry - Adding type registration java.util.Locale -> org.hibernate.type.LocaleType@1eb2d371
21:36:02.220 [main] DEBUG org.hibernate.type.BasicTypeRegistry - Adding type registration currency -> org.hibernate.type.CurrencyType@7159a5cd
21:36:02.220 [main] DEBUG org.hibernate.type.BasicTypeRegistry - Adding type registration java.util.Currency -> org.hibernate.type.CurrencyType@7159a5cd
21:36:02.220 [main] DEBUG org.hibernate.type.BasicTypeRegistry - Adding type registration timezone -> org.hibernate.type.TimeZoneType@c3177d5
21:36:02.220 [main] DEBUG org.hibernate.type.BasicTypeRegistry - Adding type registration java.util.TimeZone -> org.hibernate.type.TimeZoneType@c3177d5
21:36:02.221 [main] DEBUG org.hibernate.type.BasicTypeRegistry - Adding type registration class -> org.hibernate.type.ClassType@243f003c
21:36:02.221 [main] DEBUG org.hibernate.type.BasicTypeRegistry - Adding type registration java.lang.Class -> org.hibernate.type.ClassType@243f003c
21:36:02.222 [main] DEBUG org.hibernate.type.BasicTypeRegistry - Adding type registration uuid-binary -> org.hibernate.type.UUIDBinaryType@5f780a86
21:36:02.222 [main] DEBUG org.hibernate.type.BasicTypeRegistry - Adding type registration java.util.UUID -> org.hibernate.type.UUIDBinaryType@5f780a86
21:36:02.223 [main] DEBUG org.hibernate.type.BasicTypeRegistry - Adding type registration uuid-char -> org.hibernate.type.UUIDCharType@2b329bbd
21:36:02.224 [main] DEBUG org.hibernate.type.BasicTypeRegistry - Adding type registration binary -> org.hibernate.type.BinaryType@72d0f2b4
21:36:02.224 [main] DEBUG org.hibernate.type.BasicTypeRegistry - Adding type registration byte[] -> org.hibernate.type.BinaryType@72d0f2b4
21:36:02.224 [main] DEBUG org.hibernate.type.BasicTypeRegistry - Adding type registration [B -> org.hibernate.type.BinaryType@72d0f2b4
21:36:02.225 [main] DEBUG org.hibernate.type.BasicTypeRegistry - Adding type registration wrapper-binary -> org.hibernate.type.WrapperBinaryType@7dff6d05
21:36:02.225 [main] DEBUG org.hibernate.type.BasicTypeRegistry - Adding type registration Byte[] -> org.hibernate.type.WrapperBinaryType@7dff6d05
21:36:02.225 [main] DEBUG org.hibernate.type.BasicTypeRegistry - Adding type registration [Ljava.lang.Byte; -> org.hibernate.type.WrapperBinaryType@7dff6d05
21:36:02.226 [main] DEBUG org.hibernate.type.BasicTypeRegistry - Adding type registration row_version -> org.hibernate.type.RowVersionType@41fed14f
21:36:02.227 [main] DEBUG org.hibernate.type.BasicTypeRegistry - Adding type registration image -> org.hibernate.type.ImageType@8b91134
21:36:02.227 [main] DEBUG org.hibernate.type.BasicTypeRegistry - Adding type registration characters -> org.hibernate.type.CharArrayType@3874b815
21:36:02.227 [main] DEBUG org.hibernate.type.BasicTypeRegistry - Adding type registration char[] -> org.hibernate.type.CharArrayType@3874b815
21:36:02.227 [main] DEBUG org.hibernate.type.BasicTypeRegistry - Adding type registration [C -> org.hibernate.type.CharArrayType@3874b815
21:36:02.228 [main] DEBUG org.hibernate.type.BasicTypeRegistry - Adding type registration wrapper-characters -> org.hibernate.type.CharacterArrayType@1816e24a
21:36:02.228 [main] DEBUG org.hibernate.type.BasicTypeRegistry - Adding type registration [Ljava.lang.Character; -> org.hibernate.type.CharacterArrayType@1816e24a
21:36:02.228 [main] DEBUG org.hibernate.type.BasicTypeRegistry - Adding type registration Character[] -> org.hibernate.type.CharacterArrayType@1816e24a
21:36:02.229 [main] DEBUG org.hibernate.type.BasicTypeRegistry - Adding type registration text -> org.hibernate.type.TextType@783115d9
21:36:02.229 [main] DEBUG org.hibernate.type.BasicTypeRegistry - Adding type registration ntext -> org.hibernate.type.NTextType@173f73e7
21:36:02.232 [main] DEBUG org.hibernate.type.BasicTypeRegistry - Adding type registration blob -> org.hibernate.type.BlobType@d74bac4
21:36:02.232 [main] DEBUG org.hibernate.type.BasicTypeRegistry - Adding type registration java.sql.Blob -> org.hibernate.type.BlobType@d74bac4
21:36:02.232 [main] DEBUG org.hibernate.type.BasicTypeRegistry - Adding type registration materialized_blob -> org.hibernate.type.MaterializedBlobType@74aa9c72
21:36:02.235 [main] DEBUG org.hibernate.type.BasicTypeRegistry - Adding type registration clob -> org.hibernate.type.ClobType@6009bea
21:36:02.236 [main] DEBUG org.hibernate.type.BasicTypeRegistry - Adding type registration java.sql.Clob -> org.hibernate.type.ClobType@6009bea
21:36:02.237 [main] DEBUG org.hibernate.type.BasicTypeRegistry - Adding type registration nclob -> org.hibernate.type.NClobType@5a00eb1e
21:36:02.238 [main] DEBUG org.hibernate.type.BasicTypeRegistry - Adding type registration java.sql.NClob -> org.hibernate.type.NClobType@5a00eb1e
21:36:02.238 [main] DEBUG org.hibernate.type.BasicTypeRegistry - Adding type registration materialized_clob -> org.hibernate.type.MaterializedClobType@7026b7ee
21:36:02.238 [main] DEBUG org.hibernate.type.BasicTypeRegistry - Adding type registration materialized_nclob -> org.hibernate.type.MaterializedNClobType@62a4417
21:36:02.239 [main] DEBUG org.hibernate.type.BasicTypeRegistry - Adding type registration serializable -> org.hibernate.type.SerializableType@3e5d4f6b
21:36:02.241 [main] DEBUG org.hibernate.type.BasicTypeRegistry - Adding type registration object -> org.hibernate.type.ObjectType@732c9b5c
21:36:02.241 [main] DEBUG org.hibernate.type.BasicTypeRegistry - Adding type registration java.lang.Object -> org.hibernate.type.ObjectType@732c9b5c
21:36:02.241 [main] DEBUG org.hibernate.type.BasicTypeRegistry - Adding type registration imm_date -> org.hibernate.type.AdaptedImmutableType@36ddaebf
21:36:02.241 [main] DEBUG org.hibernate.type.BasicTypeRegistry - Adding type registration imm_time -> org.hibernate.type.AdaptedImmutableType@213c3543
21:36:02.241 [main] DEBUG org.hibernate.type.BasicTypeRegistry - Adding type registration imm_timestamp -> org.hibernate.type.AdaptedImmutableType@9d7ccfe
21:36:02.241 [main] DEBUG org.hibernate.type.BasicTypeRegistry - Adding type registration imm_dbtimestamp -> org.hibernate.type.AdaptedImmutableType@670ce331
21:36:02.242 [main] DEBUG org.hibernate.type.BasicTypeRegistry - Adding type registration imm_calendar -> org.hibernate.type.AdaptedImmutableType@3cff0139
21:36:02.242 [main] DEBUG org.hibernate.type.BasicTypeRegistry - Adding type registration imm_calendar_date -> org.hibernate.type.AdaptedImmutableType@7c29adc8
21:36:02.242 [main] DEBUG org.hibernate.type.BasicTypeRegistry - Adding type registration imm_binary -> org.hibernate.type.AdaptedImmutableType@4b2e3e8f
21:36:02.242 [main] DEBUG org.hibernate.type.BasicTypeRegistry - Adding type registration imm_serializable -> org.hibernate.type.AdaptedImmutableType@4bbb49b0
21:36:02.482 [main] INFO  org.hibernate.dialect.Dialect - HHH000400: Using dialect: org.hibernate.dialect.MySQL5Dialect
21:36:02.670 [main] TRACE org.hibernate.type.TypeFactory - Scoping types to session factory org.hibernate.internal.SessionFactoryImpl@25aeb5ac
21:36:02.927 [main] INFO  o.h.tool.hbm2ddl.SchemaExport - HHH000227: Running hbm2ddl schema export
21:36:02.932 [main] DEBUG org.hibernate.SQL - drop table if exists coupon
21:36:03.187 [main] DEBUG org.hibernate.SQL - drop table if exists user_coupon
21:36:03.408 [main] DEBUG org.hibernate.SQL - create table coupon (id bigint not null auto_increment, name varchar(255) not null, primary key (id))
21:36:03.618 [main] DEBUG org.hibernate.SQL - create table user_coupon (id bigint not null auto_increment, coupon_name varchar(255) not null, enabled bit not null, user_id integer not null, primary key (id))
21:36:03.907 [main] INFO  o.h.tool.hbm2ddl.SchemaExport - HHH000230: Schema export complete
21:36:03.946 [main] INFO  o.s.o.j.LocalContainerEntityManagerFactoryBean - Initialized JPA EntityManagerFactory for persistence unit 'default'
21:36:04.425 [main] INFO  o.s.w.s.m.m.a.RequestMappingHandlerAdapter - Looking for @ControllerAdvice: org.springframework.boot.context.embedded.AnnotationConfigEmbeddedWebApplicationContext@23986957: startup date [Sat Feb 03 21:35:59 SGT 2018]; root of context hierarchy
21:36:04.496 [main] INFO  o.s.w.s.m.m.a.RequestMappingHandlerMapping - Mapped "{[/coupon/update],methods=[PUT]}" onto public java.lang.String com.example.newlookonetoone.coupon.CouponController.update(com.example.newlookonetoone.coupon.Coupon)
21:36:04.497 [main] INFO  o.s.w.s.m.m.a.RequestMappingHandlerMapping - Mapped "{[/coupon/find],methods=[GET]}" onto public com.example.newlookonetoone.coupon.Coupon com.example.newlookonetoone.coupon.CouponController.find(java.lang.Long)
21:36:04.497 [main] INFO  o.s.w.s.m.m.a.RequestMappingHandlerMapping - Mapped "{[/coupon/findAll],methods=[GET]}" onto public java.lang.String com.example.newlookonetoone.coupon.CouponController.find()
21:36:04.497 [main] INFO  o.s.w.s.m.m.a.RequestMappingHandlerMapping - Mapped "{[/coupon/add],methods=[POST]}" onto public java.lang.String com.example.newlookonetoone.coupon.CouponController.save(com.example.newlookonetoone.coupon.Coupon)
21:36:04.498 [main] INFO  o.s.w.s.m.m.a.RequestMappingHandlerMapping - Mapped "{[/coupon/deleteAll],methods=[DELETE]}" onto public void com.example.newlookonetoone.coupon.CouponController.deleteAll()
21:36:04.498 [main] INFO  o.s.w.s.m.m.a.RequestMappingHandlerMapping - Mapped "{[/coupon/delete],methods=[DELETE]}" onto public void com.example.newlookonetoone.coupon.CouponController.deleteById(java.lang.Long)
21:36:04.499 [main] INFO  o.s.w.s.m.m.a.RequestMappingHandlerMapping - Mapped "{[/usercoupon/draw],methods=[POST]}" onto public com.example.newlookonetoone.userCoupon.UserCoupon com.example.newlookonetoone.userCoupon.UserCouponController.drawALottery(java.lang.Integer)
21:36:04.499 [main] INFO  o.s.w.s.m.m.a.RequestMappingHandlerMapping - Mapped "{[/usercoupon/use],methods=[PUT]}" onto public com.example.newlookonetoone.userCoupon.UserCoupon com.example.newlookonetoone.userCoupon.UserCouponController.useCoupon(java.lang.Integer)
21:36:04.501 [main] INFO  o.s.w.s.m.m.a.RequestMappingHandlerMapping - Mapped "{[/error]}" onto public org.springframework.http.ResponseEntity<java.util.Map<java.lang.String, java.lang.Object>> org.springframework.boot.autoconfigure.web.BasicErrorController.error(javax.servlet.http.HttpServletRequest)
21:36:04.502 [main] INFO  o.s.w.s.m.m.a.RequestMappingHandlerMapping - Mapped "{[/error],produces=[text/html]}" onto public org.springframework.web.servlet.ModelAndView org.springframework.boot.autoconfigure.web.BasicErrorController.errorHtml(javax.servlet.http.HttpServletRequest,javax.servlet.http.HttpServletResponse)
21:36:04.549 [main] INFO  o.s.w.s.h.SimpleUrlHandlerMapping - Mapped URL path [/webjars/**] onto handler of type [class org.springframework.web.servlet.resource.ResourceHttpRequestHandler]
21:36:04.549 [main] INFO  o.s.w.s.h.SimpleUrlHandlerMapping - Mapped URL path [/**] onto handler of type [class org.springframework.web.servlet.resource.ResourceHttpRequestHandler]
21:36:04.592 [main] INFO  o.s.w.s.h.SimpleUrlHandlerMapping - Mapped URL path [/**/favicon.ico] onto handler of type [class org.springframework.web.servlet.resource.ResourceHttpRequestHandler]
21:36:04.829 [main] INFO  o.s.j.e.a.AnnotationMBeanExporter - Registering beans for JMX exposure on startup
21:36:04.846 [main] INFO  o.a.coyote.http11.Http11NioProtocol - Initializing ProtocolHandler ["http-nio-8080"]
21:36:04.855 [main] INFO  o.a.coyote.http11.Http11NioProtocol - Starting ProtocolHandler ["http-nio-8080"]
21:36:04.867 [main] INFO  o.a.tomcat.util.net.NioSelectorPool - Using a shared selector for servlet write/read
21:36:04.887 [main] INFO  o.s.b.c.e.t.TomcatEmbeddedServletContainer - Tomcat started on port(s): 8080 (http)
21:36:04.893 [main] INFO  c.e.n.NewlookOneToOneApplication - Started NewlookOneToOneApplication in 5.852 seconds (JVM running for 7.055)
21:36:18.565 [http-nio-8080-exec-2] INFO  o.a.c.c.C.[Tomcat].[localhost].[/] - Initializing Spring FrameworkServlet 'dispatcherServlet'
21:36:18.565 [http-nio-8080-exec-2] INFO  o.s.web.servlet.DispatcherServlet - FrameworkServlet 'dispatcherServlet': initialization started
21:36:18.581 [http-nio-8080-exec-2] INFO  o.s.web.servlet.DispatcherServlet - FrameworkServlet 'dispatcherServlet': initialization completed in 16 ms
21:36:18.620 [http-nio-8080-exec-2] INFO  c.e.n.userCoupon.UserCouponService - The couponRandomNum is:4
21:36:18.640 [http-nio-8080-exec-2] DEBUG org.hibernate.SQL - select coupon0_.id as id1_0_0_, coupon0_.name as name2_0_0_ from coupon coupon0_ where coupon0_.id=?
21:36:18.654 [http-nio-8080-exec-2] TRACE o.h.type.descriptor.sql.BasicBinder - binding parameter [1] as [BIGINT] - [4]
21:36:18.665 [http-nio-8080-exec-2] TRACE o.h.t.descriptor.sql.BasicExtractor - extracted value ([name2_0_0_] : [VARCHAR]) - [40元]
21:36:18.700 [http-nio-8080-exec-2] DEBUG org.hibernate.SQL - insert into user_coupon (coupon_name, enabled, user_id) values (?, ?, ?)
21:36:18.702 [http-nio-8080-exec-2] TRACE o.h.type.descriptor.sql.BasicBinder - binding parameter [1] as [VARCHAR] - [40元]
21:36:18.702 [http-nio-8080-exec-2] TRACE o.h.type.descriptor.sql.BasicBinder - binding parameter [2] as [BOOLEAN] - [true]
21:36:18.703 [http-nio-8080-exec-2] TRACE o.h.type.descriptor.sql.BasicBinder - binding parameter [3] as [INTEGER] - [1]
